error: Error test
error: Error test
error: Error test
fatal: Error test
fatal: Error test
fatal: Error test
error: Error test
error: Error test
error: Error test
fatal: Error test
fatal: Error test
fatal: Error test
fatal: Error test
fatal: Error test
fatal: Error test
fatal: Error test
fatal: Error test
fatal: Error test
fatal: Error test
fatal: Error test
fatal: Error test
fatal: Error test
fatal: Error test
fatal: Error test
fatal: Error test
fatal: Error test
fatal: Error test
warning: Error test
warning: Error test
warning: Error test
fatal: Error test
fatal: Error test
fatal: Error test
fatal: Error test
fatal: Error test
fatal: Error test
error: Error test
error: Error test
error: Error test
error: error falso
error: Unable to modify user password, please contact support
error: Unable to modify user password, please contact support
error: Unable to modify user password, please contact support
error: Unable to modify user password, please contact support
error: Unable to modify user password, please contact support
error: Unable to modify user password, please contact support
fatal: this is a fatal error test log
error: this is an error test log
fatal: this is a fatal error test log
error: this is an error test log
error: Failed to retrieve products userCart is not defined {"stack":"ReferenceError: userCart is not defined\n    at file:///C:/Users/Pablo/Desktop/proyecto%20final/routes/mongoRoutes/mongoProductsRouter.js:60:16\n    at Layer.handle [as handle_request] (C:\\Users\\Pablo\\Desktop\\proyecto final\\node_modules\\express\\lib\\router\\layer.js:95:5)\n    at next (C:\\Users\\Pablo\\Desktop\\proyecto final\\node_modules\\express\\lib\\router\\route.js:144:13)\n    at complete (C:\\Users\\Pablo\\Desktop\\proyecto final\\node_modules\\passport\\lib\\middleware\\authenticate.js:280:13)\n    at C:\\Users\\Pablo\\Desktop\\proyecto final\\node_modules\\passport\\lib\\middleware\\authenticate.js:287:15\n    at pass (C:\\Users\\Pablo\\Desktop\\proyecto final\\node_modules\\passport\\lib\\authenticator.js:446:14)\n    at Authenticator.transformAuthInfo (C:\\Users\\Pablo\\Desktop\\proyecto final\\node_modules\\passport\\lib\\authenticator.js:468:5)\n    at C:\\Users\\Pablo\\Desktop\\proyecto final\\node_modules\\passport\\lib\\middleware\\authenticate.js:284:22\n    at req.login.req.logIn (C:\\Users\\Pablo\\Desktop\\proyecto final\\node_modules\\passport\\lib\\http\\request.js:44:13)\n    at strategy.success (C:\\Users\\Pablo\\Desktop\\proyecto final\\node_modules\\passport\\lib\\middleware\\authenticate.js:265:13)"}
